INFO:root:Executing experiments of configuration MUUD with N=131072 and num_rep=20 ...
INFO:root:Executing experiments of policy UCB1 ...
INFO:root:TIME TO PERFORM EXPERIMENTS OF UCB1 POLICY: 22.942408418967474
INFO:root:Executing experiments of policy UCB2_0.5 ...
INFO:root:TIME TO PERFORM EXPERIMENTS OF UCB2_0.5 POLICY: 8.934699978739616
INFO:root:Executing experiments of policy TS ...
INFO:root:TIME TO PERFORM EXPERIMENTS OF TS POLICY: 56.27174567471462
INFO:root:Executing experiments of policy TS2_0.1 ...
INFO:root:TIME TO PERFORM EXPERIMENTS OF TS2_0.1 POLICY: 9.20813663828423
INFO:root:Executing experiments of policy OptTS ...
INFO:root:TIME TO PERFORM EXPERIMENTS OF OptTS POLICY: 126.66475359648807
INFO:root:Executing experiments of policy OptTS2_0.1 ...
INFO:root:TIME TO PERFORM EXPERIMENTS OF OptTS2_0.1 POLICY: 9.136852711465195
INFO:root:Executing experiments of policy KLUCB_1e-06_50 ...
INFO:root:TIME TO PERFORM EXPERIMENTS OF KLUCB_1e-06_50 POLICY: 3577.133240998341
INFO:root:Executing experiments of policy KLUCB2_1e-06_50_0.1 ...
INFO:root:TIME TO PERFORM EXPERIMENTS OF KLUCB2_1e-06_50_0.1 POLICY: 13.170327428196742
INFO:root:Executing experiments of policy UCYCLE ...
INFO:root:TIME TO PERFORM EXPERIMENTS OF UCYCLE POLICY: 9.109026401899882
INFO:root:Executing experiments of policy MOSS ...
INFO:root:TIME TO PERFORM EXPERIMENTS OF MOSS POLICY: 107.64007586639764
INFO:root:Executing experiments of policy UCBV ...
INFO:root:TIME TO PERFORM EXPERIMENTS OF UCBV POLICY: 40.99381661876714
INFO:root:Executing experiments of policy BayesUCB ...
INFO:root:TIME TO PERFORM EXPERIMENTS OF BayesUCB POLICY: 234.47224024310526
INFO:root:Executing experiments of policy BayesUCB2_0.1 ...
INFO:root:TIME TO PERFORM EXPERIMENTS OF BayesUCB2_0.1 POLICY: 9.575144164023186
INFO:root:Executing experiments of policy UCB1SC ...
INFO:root:TIME TO PERFORM EXPERIMENTS OF UCB1SC POLICY: 27.987360098082718
INFO:root:TIME TO PERFORM EXPERIMENTS OF MUUDCONFIGURATION: 4253.24777285592
INFO:root:
 Computing and plotting regrets of configuration: MUUD with N=131072;  num_rep=20sample_rate=128 ...
INFO:root:TIME TO COMPUTE AND PLOT REGRET OF MUUDCONFIGURATION: 6.80876664591682
INFO:root:
 Computing and plotting regrets of configuration: MUUD with N=131072;  num_rep=20sample_rate=128 ...
INFO:root:TIME TO COMPUTE AND PLOT REGRET OF MUUDCONFIGURATION: 4.455905482809541
INFO:root:
 Computing and plotting regrets of configuration: MUUD with N=131072;  num_rep=20sample_rate=128 ...
INFO:root:TIME TO COMPUTE AND PLOT REGRET OF MUUDCONFIGURATION: 5.09084858848172
INFO:root:
 Computing and plotting regrets of configuration: MUUD with N=131072;  num_rep=20sample_rate=128 ...
INFO:root:TIME TO COMPUTE AND PLOT REGRET OF MUUDCONFIGURATION: 3.9929366648323708
INFO:root:
 Computing and plotting regrets of configuration: MUUD with N=131072;  num_rep=20sample_rate=128 ...
INFO:root:TIME TO COMPUTE AND PLOT REGRET OF MUUDCONFIGURATION: 2.5698516768902664
INFO:root:
 Computing and plotting regrets of configuration: MUUD with N=131072;  num_rep=20sample_rate=128 ...
INFO:root:TIME TO COMPUTE AND PLOT REGRET OF MUUDCONFIGURATION: 2.4701255092190877
INFO:root:
 Computing and plotting regrets of configuration: MUUD with N=131072;  num_rep=20sample_rate=128 ...
INFO:root:TIME TO COMPUTE AND PLOT REGRET OF MUUDCONFIGURATION: 1.61335743087011
INFO:root:
 Computing and plotting regrets of configuration: MUUD with N=131072;  num_rep=20sample_rate=128 ...
INFO:root:TIME TO COMPUTE AND PLOT REGRET OF MUUDCONFIGURATION: 1.654547881272947
INFO:root:
 Computing and plotting regrets of configuration: MUUD with N=131072;  num_rep=20sample_rate=128 ...
INFO:root:TIME TO COMPUTE AND PLOT REGRET OF MUUDCONFIGURATION: 1.6934740822023286
INFO:root:
 Computing and plotting regrets of configuration: MUUD with N=131072;  num_rep=20sample_rate=128 ...
INFO:root:TIME TO COMPUTE AND PLOT REGRET OF MUUDCONFIGURATION: 1.6114042467531817
INFO:root:
 Computing and plotting regrets of configuration: MUUD with N=131072;  num_rep=20sample_rate=128 ...
INFO:root:TIME TO COMPUTE AND PLOT REGRET OF MUUDCONFIGURATION: 3.477391602110856
INFO:root:
 Computing and plotting regrets of configuration: MUUD with N=131072;  num_rep=20sample_rate=128 ...
INFO:root:TIME TO COMPUTE AND PLOT REGRET OF MUUDCONFIGURATION: 2.7320374343271396
INFO:root:
 Computing and plotting regrets of configuration: MUUD with N=131072;  num_rep=20sample_rate=128 ...
INFO:root:
 Computing and plotting regrets of configuration: MUUD with N=131072;  num_rep=20sample_rate=128 ...
INFO:root:
 Computing and plotting regrets of configuration: MUUD with N=131072;  num_rep=20sample_rate=128 ...
INFO:root:
 Computing and plotting regrets of configuration: MUUD with N=131072;  num_rep=20sample_rate=128 ...
INFO:root:
 Computing and plotting regrets of configuration: MUUD with N=131072;  num_rep=20sample_rate=128 ...
INFO:root:TIME TO COMPUTE AND PLOT REGRET OF MUUDCONFIGURATION: 1.2411580675146752
INFO:root:
 Computing and plotting regrets of configuration: MUUD with N=131072;  num_rep=20sample_rate=128 ...
INFO:root:TIME TO COMPUTE AND PLOT REGRET OF MUUDCONFIGURATION: 1.4256956759727357
INFO:root:
 Computing and plotting regrets of configuration: MUUD with N=131072;  num_rep=20sample_rate=128 ...
INFO:root:
 Computing and plotting regrets of configuration: MUUD with N=131072;  num_rep=20sample_rate=128 ...
INFO:root:TIME TO COMPUTE AND PLOT REGRET OF MUUDCONFIGURATION: 1.2256941443492906
INFO:root:
 Computing and plotting regrets of configuration: MUUD with N=131072;  num_rep=20sample_rate=128 ...
INFO:root:TIME TO COMPUTE AND PLOT REGRET OF MUUDCONFIGURATION: 1.0051586524486993
INFO:root:
 Executing experiments of configuration MUUD with N=131072 and num_rep=20 ...
INFO:root:Executing experiments of policy UCBV ...
INFO:root:TIME TO PERFORM EXPERIMENTS OF UCBV POLICY: 47.3388865610649
INFO:root:TIME TO PERFORM EXPERIMENTS OF MUUDCONFIGURATION: 47.33948498808798
INFO:root:
 Executing experiments of configuration MUUD with N=131072 and num_rep=20 ...
INFO:root:Executing experiments of policy UCBV ...
INFO:root:TIME TO PERFORM EXPERIMENTS OF UCBV POLICY: 46.87374247362235
INFO:root:TIME TO PERFORM EXPERIMENTS OF MUUDCONFIGURATION: 46.87435621687637
INFO:root:
 Executing experiments of configuration MUUD with N=131072 and num_rep=20 ...
INFO:root:Executing experiments of policy UCBV ...
INFO:root:TIME TO PERFORM EXPERIMENTS OF UCBV POLICY: 47.0354136786341
INFO:root:TIME TO PERFORM EXPERIMENTS OF MUUDCONFIGURATION: 47.036105097059306
INFO:root:
 Computing and plotting regrets of configuration: MUUD with N=131072;  num_rep=20sample_rate=128 ...
INFO:root:TIME TO COMPUTE AND PLOT REGRET OF MUUDCONFIGURATION: 1.9532869543273819
INFO:root:
 Computing and plotting regrets of configuration: MUUD with N=131072;  num_rep=20sample_rate=128 ...
INFO:root:TIME TO COMPUTE AND PLOT REGRET OF MUUDCONFIGURATION: 1.5633050821806957
INFO:root:
 Executing experiments of configuration MUUD with N=131072 and num_rep=20 ...
INFO:root:Executing experiments of policy UCBV ...
INFO:root:TIME TO PERFORM EXPERIMENTS OF UCBV POLICY: 47.817440738038115
INFO:root:TIME TO PERFORM EXPERIMENTS OF MUUDCONFIGURATION: 47.818108817444745
INFO:root:
 Computing and plotting regrets of configuration: MUUD with N=131072;  num_rep=20sample_rate=128 ...
INFO:root:TIME TO COMPUTE AND PLOT REGRET OF MUUDCONFIGURATION: 1.5071313465264495
INFO:root:
 Executing experiments of configuration MUUD with N=131072 and num_rep=20 ...
INFO:root:Executing experiments of policy UCB1SC ...
INFO:root:
 Executing experiments of configuration MUUD with N=131072 and num_rep=20 ...
INFO:root:Executing experiments of policy UCB1SC ...
INFO:root:TIME TO PERFORM EXPERIMENTS OF UCB1SC POLICY: 30.42913745186752
INFO:root:TIME TO PERFORM EXPERIMENTS OF MUUDCONFIGURATION: 30.429883571117898
INFO:root:
 Computing and plotting regrets of configuration: MUUD with N=131072;  num_rep=20sample_rate=128 ...
INFO:root:TIME TO COMPUTE AND PLOT REGRET OF MUUDCONFIGURATION: 1.4515217587118059
INFO:root:
 Executing experiments of configuration MUUD with N=131072 and num_rep=20 ...
INFO:root:Executing experiments of policy UCB1SC ...
INFO:root:
 Executing experiments of configuration MUUD with N=131072 and num_rep=20 ...
INFO:root:Executing experiments of policy UCB1SC ...
INFO:root:TIME TO PERFORM EXPERIMENTS OF UCB1SC POLICY: 29.427311173664748
INFO:root:TIME TO PERFORM EXPERIMENTS OF MUUDCONFIGURATION: 29.427701737553434
INFO:root:
 Computing and plotting regrets of configuration: MUUD with N=131072;  num_rep=20sample_rate=128 ...
INFO:root:TIME TO COMPUTE AND PLOT REGRET OF MUUDCONFIGURATION: 1.5072994603947336
INFO:root:
 Executing experiments of configuration MUUD with N=131072 and num_rep=20 ...
INFO:root:Executing experiments of policy UCB1 ...
INFO:root:TIME TO PERFORM EXPERIMENTS OF UCB1 POLICY: 48.70365974044762
INFO:root:Executing experiments of policy UCBV ...
INFO:root:TIME TO PERFORM EXPERIMENTS OF UCBV POLICY: 93.4434140024623
INFO:root:TIME TO PERFORM EXPERIMENTS OF MUUDCONFIGURATION: 142.14886574193042
INFO:root:
 Executing experiments of configuration MUUS with N=131072 and num_rep=20 ...
INFO:root:Executing experiments of policy UCB1 ...
INFO:root:
 Computing and plotting regrets of configuration: MUUD with N=131072;  num_rep=20sample_rate=128 ...
INFO:root:TIME TO COMPUTE AND PLOT REGRET OF MUUDCONFIGURATION: 1.5523904442761705
INFO:root:
 Computing and plotting regrets of configuration: MUUD with N=131072;  num_rep=20sample_rate=128 ...
INFO:root:
 Computing and plotting regrets of configuration: MUUD with N=131072;  num_rep=20sample_rate=128 ...
INFO:root:
 Executing experiments of configuration MUUD with N=131072 and num_rep=20 ...
INFO:root:Executing experiments of policy UCB1 ...
INFO:root:TIME TO PERFORM EXPERIMENTS OF UCB1 POLICY: 21.572784735114908
INFO:root:Executing experiments of policy UCB2_0.5 ...
INFO:root:TIME TO PERFORM EXPERIMENTS OF UCB2_0.5 POLICY: 8.527140178886327
INFO:root:TIME TO PERFORM EXPERIMENTS OF MUUDCONFIGURATION: 30.100889836550323
INFO:root:
 Computing and plotting regrets of configuration: MUUD with N=131072;  num_rep=20sample_rate=128 ...
INFO:root:TIME TO COMPUTE AND PLOT REGRET OF MUUDCONFIGURATION: 1.0247904137898445
INFO:root:
 Computing and plotting regrets of configuration: MUUD with N=131072;  num_rep=20sample_rate=128 ...
INFO:root:TIME TO COMPUTE AND PLOT REGRET OF MUUDCONFIGURATION: 0.8561722040311679
INFO:root:
 Computing and plotting regrets of configuration: MUUD with N=131072;  num_rep=20sample_rate=128 ...
INFO:root:TIME TO COMPUTE AND PLOT REGRET OF MUUDCONFIGURATION: 0.8220042455133694
INFO:root:
 Computing and plotting regrets of configuration: MUUD with N=131072;  num_rep=20sample_rate=128 ...
INFO:root:TIME TO COMPUTE AND PLOT REGRET OF MUUDCONFIGURATION: 0.8386551765760828
INFO:root:
 Computing and plotting regrets of configuration: MUUD with N=131072;  num_rep=20sample_rate=128 ...
INFO:root:TIME TO COMPUTE AND PLOT REGRET OF MUUDCONFIGURATION: 0.8892760491709168
INFO:root:
 Computing and plotting regrets of configuration: MUUD with N=131072;  num_rep=20sample_rate=128 ...
INFO:root:TIME TO COMPUTE AND PLOT REGRET OF MUUDCONFIGURATION: 0.8692041285265759
INFO:root:
 Computing and plotting regrets of configuration: MUUD with N=131072;  num_rep=20sample_rate=128 ...
INFO:root:
 Computing and plotting regrets of configuration: MUUD with N=131072;  num_rep=20sample_rate=128 ...
INFO:root:
 Computing and plotting regrets of configuration: MUUD with N=131072;  num_rep=20sample_rate=128 ...
INFO:root:
 Computing and plotting regrets of configuration: MUUD with N=131072;  num_rep=20sample_rate=128 ...
INFO:root:
 Computing and plotting regrets of configuration: MUUD with N=131072;  num_rep=20sample_rate=128 ...
INFO:root:
 Computing and plotting regrets of configuration: MUUD with N=131072;  num_rep=20sample_rate=128 ...
INFO:root:TIME TO COMPUTE AND PLOT REGRET OF MUUDCONFIGURATION: 0.8709706004947293
INFO:root:
 Computing and plotting regrets of configuration: MUUD with N=131072;  num_rep=20sample_rate=128 ...
INFO:root:TIME TO COMPUTE AND PLOT REGRET OF MUUDCONFIGURATION: 0.9388619821609154
INFO:root:
 Computing and plotting regrets of configuration: MUUD with N=131072;  num_rep=20sample_rate=128 ...
INFO:root:TIME TO COMPUTE AND PLOT REGRET OF MUUDCONFIGURATION: 0.8353753151222918
INFO:root:
 Computing and plotting regrets of configuration: MUUD with N=131072;  num_rep=20sample_rate=128 ...
INFO:root:TIME TO COMPUTE AND PLOT REGRET OF MUUDCONFIGURATION: 0.8796282823686852
INFO:root:
 Computing and plotting regrets of configuration: MUUD with N=131072;  num_rep=20sample_rate=128 ...
INFO:root:TIME TO COMPUTE AND PLOT REGRET OF MUUDCONFIGURATION: 1.1995259991199418
INFO:root:
 Computing and plotting regrets of configuration: MUUD with N=131072;  num_rep=20sample_rate=128 ...
INFO:root:TIME TO COMPUTE AND PLOT REGRET OF MUUDCONFIGURATION: 1.820416462905996
INFO:root:
 Computing and plotting regrets of configuration: MUUD with N=131072;  num_rep=20sample_rate=128 ...
INFO:root:TIME TO COMPUTE AND PLOT REGRET OF MUUDCONFIGURATION: 1.7577387991855176
INFO:root:
 Computing and plotting regrets of configuration: MUUD with N=131072;  num_rep=20sample_rate=128 ...
INFO:root:TIME TO COMPUTE AND PLOT REGRET OF MUUDCONFIGURATION: 1.4227028115128633
INFO:root:
 Computing and plotting regrets of configuration: MUUD with N=131072;  num_rep=20sample_rate=128 ...
INFO:root:
 Computing and plotting regrets of configuration: MUUD with N=131072;  num_rep=20sample_rate=128 ...
INFO:root:
 Executing experiments of configuration MUUD with N=131072 and num_rep=20 ...
INFO:root:Executing experiments of policy UCB1 ...
INFO:root:TIME TO PERFORM EXPERIMENTS OF UCB1 POLICY: 24.364125156946102
INFO:root:Executing experiments of policy UCB2_0.5 ...
INFO:root:TIME TO PERFORM EXPERIMENTS OF UCB2_0.5 POLICY: 27.148372705163638
INFO:root:Executing experiments of policy TS ...
INFO:root:TIME TO PERFORM EXPERIMENTS OF TS POLICY: 79.44878307075123
INFO:root:Executing experiments of policy TS2_0.1 ...
INFO:root:TIME TO PERFORM EXPERIMENTS OF TS2_0.1 POLICY: 16.195261158147332
INFO:root:Executing experiments of policy OptTS ...
INFO:root:TIME TO PERFORM EXPERIMENTS OF OptTS POLICY: 230.29304216448963
INFO:root:Executing experiments of policy OptTS2_0.1 ...
INFO:root:TIME TO PERFORM EXPERIMENTS OF OptTS2_0.1 POLICY: 13.167738255824588
INFO:root:Executing experiments of policy KLUCB_1e-06_50 ...
INFO:root:TIME TO PERFORM EXPERIMENTS OF KLUCB_1e-06_50 POLICY: 2350.688300478195
INFO:root:Executing experiments of policy KLUCB2_1e-06_50_0.1 ...
INFO:root:TIME TO PERFORM EXPERIMENTS OF KLUCB2_1e-06_50_0.1 POLICY: 13.227621801414898
INFO:root:Executing experiments of policy UCYCLE ...
INFO:root:TIME TO PERFORM EXPERIMENTS OF UCYCLE POLICY: 9.124115077406714
INFO:root:Executing experiments of policy MOSS ...
INFO:root:TIME TO PERFORM EXPERIMENTS OF MOSS POLICY: 106.74068709341282
INFO:root:Executing experiments of policy UCBV ...
INFO:root:TIME TO PERFORM EXPERIMENTS OF UCBV POLICY: 46.454596674408094
INFO:root:Executing experiments of policy BayesUCB ...
INFO:root:TIME TO PERFORM EXPERIMENTS OF BayesUCB POLICY: 235.3159001804761
INFO:root:Executing experiments of policy BayesUCB2_0.1 ...
INFO:root:TIME TO PERFORM EXPERIMENTS OF BayesUCB2_0.1 POLICY: 9.869731444477111
INFO:root:Executing experiments of policy UCB1SC ...
INFO:root:TIME TO PERFORM EXPERIMENTS OF UCB1SC POLICY: 29.37257388166836
INFO:root:TIME TO PERFORM EXPERIMENTS OF MUUDCONFIGURATION: 3191.419380283416
INFO:root:
 Executing experiments of configuration MUUS with N=131072 and num_rep=20 ...
INFO:root:Executing experiments of policy UCB1SC ...
INFO:root:TIME TO PERFORM EXPERIMENTS OF UCB1SC POLICY: 133.87199496460676
INFO:root:TIME TO PERFORM EXPERIMENTS OF MUUSCONFIGURATION: 133.87329392685916
INFO:root:
 Computing and plotting regrets of configuration: MUUS with N=131072;  num_rep=20sample_rate=128 ...
INFO:root:TIME TO COMPUTE AND PLOT REGRET OF MUUSCONFIGURATION: 7.59707664205493
INFO:root:
 Computing and plotting regrets of configuration: MUUS with N=131072;  num_rep=20sample_rate=128 ...
INFO:root:
 Executing experiments of configuration MUUS with N=131072 and num_rep=20 ...
INFO:root:Executing experiments of policy UCB1 ...
INFO:root:TIME TO PERFORM EXPERIMENTS OF UCB1 POLICY: 118.75791566518575
INFO:root:TIME TO PERFORM EXPERIMENTS OF MUUSCONFIGURATION: 118.75965150469204
INFO:root:
 Computing and plotting regrets of configuration: MUUS with N=131072;  num_rep=20sample_rate=128 ...
INFO:root:TIME TO COMPUTE AND PLOT REGRET OF MUUSCONFIGURATION: 15.660261929429453
INFO:root:
 Computing and plotting regrets of configuration: MUUD with N=131072;  num_rep=20sample_rate=128 ...
INFO:root:TIME TO COMPUTE AND PLOT REGRET OF MUUDCONFIGURATION: 0.7664712388533393
INFO:root:
 Computing and plotting regrets of configuration: MUUD with N=131072;  num_rep=20sample_rate=128 ...
INFO:root:
 Computing and plotting regrets of configuration: MUUD with N=131072;  num_rep=20sample_rate=128 ...
INFO:root:TIME TO COMPUTE AND PLOT REGRET OF MUUDCONFIGURATION: 0.49887881542811385
INFO:root:
 Computing and plotting regrets of configuration: MUUD with N=131072;  num_rep=20sample_rate=128 ...
INFO:root:TIME TO COMPUTE AND PLOT REGRET OF MUUDCONFIGURATION: 0.9782035446863802
INFO:root:
 Computing and plotting regrets of configuration: MUUD with N=131072;  num_rep=20sample_rate=128 ...
INFO:root:TIME TO COMPUTE AND PLOT REGRET OF MUUDCONFIGURATION: 0.9378970596118847
INFO:root:
 Computing and plotting regrets of configuration: MUUD with N=131072;  num_rep=20sample_rate=128 ...
INFO:root:TIME TO COMPUTE AND PLOT REGRET OF MUUDCONFIGURATION: 0.8743762738454279
INFO:root:
 Computing and plotting regrets of configuration: MUUD with N=131072;  num_rep=20sample_rate=128 ...
INFO:root:TIME TO COMPUTE AND PLOT REGRET OF MUUDCONFIGURATION: 0.9645866860380465
INFO:root:
 Computing and plotting regrets of configuration: MUUD with N=131072;  num_rep=20sample_rate=128 ...
INFO:root:TIME TO COMPUTE AND PLOT REGRET OF MUUDCONFIGURATION: 0.46908218215446595
INFO:root:
 Computing and plotting regrets of configuration: MUUD with N=131072;  num_rep=20sample_rate=128 ...
INFO:root:TIME TO COMPUTE AND PLOT REGRET OF MUUDCONFIGURATION: 0.5142884024404566
INFO:root:
 Computing and plotting regrets of configuration: MUUD with N=131072;  num_rep=20sample_rate=128 ...
INFO:root:TIME TO COMPUTE AND PLOT REGRET OF MUUDCONFIGURATION: 0.9445756656451749
INFO:root:
 Computing and plotting regrets of configuration: MUUD with N=131072;  num_rep=20sample_rate=128 ...
INFO:root:TIME TO COMPUTE AND PLOT REGRET OF MUUDCONFIGURATION: 1.8745086498414594
INFO:root:
 Computing and plotting regrets of configuration: MUUD with N=131072;  num_rep=20sample_rate=128 ...
INFO:root:TIME TO COMPUTE AND PLOT REGRET OF MUUDCONFIGURATION: 2.7686155111846347
INFO:root:
 Computing and plotting regrets of configuration: MUUD with N=131072;  num_rep=20sample_rate=128 ...
INFO:root:TIME TO COMPUTE AND PLOT REGRET OF MUUDCONFIGURATION: 3.1743497621791903
INFO:root:
 Computing and plotting regrets of configuration: MUUD with N=131072;  num_rep=20sample_rate=128 ...
INFO:root:TIME TO COMPUTE AND PLOT REGRET OF MUUDCONFIGURATION: 2.28842541487802
INFO:root:
 Computing and plotting regrets of configuration: MUUD with N=131072;  num_rep=20sample_rate=128 ...
INFO:root:TIME TO COMPUTE AND PLOT REGRET OF MUUDCONFIGURATION: 2.2593336928998724
INFO:root:
 Computing and plotting regrets of configuration: MUUD with N=131072;  num_rep=20sample_rate=128 ...
INFO:root:TIME TO COMPUTE AND PLOT REGRET OF MUUDCONFIGURATION: 2.469560632035609
INFO:root:
 Computing and plotting regrets of configuration: MUUD with N=131072;  num_rep=20sample_rate=128 ...
INFO:root:TIME TO COMPUTE AND PLOT REGRET OF MUUDCONFIGURATION: 2.62521438164913
INFO:root:
 Computing and plotting regrets of configuration: MUUD with N=131072;  num_rep=20sample_rate=128 ...
INFO:root:TIME TO COMPUTE AND PLOT REGRET OF MUUDCONFIGURATION: 2.2652111141865134
INFO:root:
 Computing and plotting regrets of configuration: MUUD with N=131072;  num_rep=20sample_rate=128 ...
INFO:root:TIME TO COMPUTE AND PLOT REGRET OF MUUDCONFIGURATION: 3.7428058386931298
INFO:root:
 Executing experiments of configuration MCUD with N=131072 and num_rep=20 ...
INFO:root:Executing experiments of policy UCB1 ...
INFO:root:TIME TO PERFORM EXPERIMENTS OF UCB1 POLICY: 22.734800919994996
INFO:root:Executing experiments of policy UCB2_0.5 ...
INFO:root:TIME TO PERFORM EXPERIMENTS OF UCB2_0.5 POLICY: 9.225143489379661
INFO:root:Executing experiments of policy TS ...
INFO:root:TIME TO PERFORM EXPERIMENTS OF TS POLICY: 51.09445556086757
INFO:root:Executing experiments of policy TS2_0.1 ...
INFO:root:TIME TO PERFORM EXPERIMENTS OF TS2_0.1 POLICY: 9.079090828531662
INFO:root:Executing experiments of policy OptTS ...
INFO:root:TIME TO PERFORM EXPERIMENTS OF OptTS POLICY: 133.6004345433521
INFO:root:Executing experiments of policy OptTS2_0.1 ...
INFO:root:TIME TO PERFORM EXPERIMENTS OF OptTS2_0.1 POLICY: 11.00223215832284
INFO:root:Executing experiments of policy KLUCB_1e-06_50 ...
INFO:root:TIME TO PERFORM EXPERIMENTS OF KLUCB_1e-06_50 POLICY: 2028.1415201505079
INFO:root:Executing experiments of policy KLUCB2_1e-06_50_0.1 ...
INFO:root:TIME TO PERFORM EXPERIMENTS OF KLUCB2_1e-06_50_0.1 POLICY: 14.319124247088439
INFO:root:Executing experiments of policy UCYCLE ...
INFO:root:TIME TO PERFORM EXPERIMENTS OF UCYCLE POLICY: 9.20735514583339
INFO:root:Executing experiments of policy MOSS ...
INFO:root:TIME TO PERFORM EXPERIMENTS OF MOSS POLICY: 107.21143619203485
INFO:root:Executing experiments of policy UCBV ...
INFO:root:TIME TO PERFORM EXPERIMENTS OF UCBV POLICY: 45.74791234302302
INFO:root:Executing experiments of policy BayesUCB ...
INFO:root:TIME TO PERFORM EXPERIMENTS OF BayesUCB POLICY: 224.8939730266584
INFO:root:Executing experiments of policy BayesUCB2_0.1 ...
INFO:root:TIME TO PERFORM EXPERIMENTS OF BayesUCB2_0.1 POLICY: 9.87461148739203
INFO:root:Executing experiments of policy UCB1SC ...
INFO:root:TIME TO PERFORM EXPERIMENTS OF UCB1SC POLICY: 9225.181585951954
INFO:root:TIME TO PERFORM EXPERIMENTS OF MCUDCONFIGURATION: 11901.321826103158
INFO:root:
 Computing and plotting regrets of configuration: MCUD with N=131072;  num_rep=20sample_rate=128 ...
INFO:root:TIME TO COMPUTE AND PLOT REGRET OF MCUDCONFIGURATION: 6.983031439481378
INFO:root:
 Computing and plotting regrets of configuration: MCUD with N=131072;  num_rep=20sample_rate=128 ...
INFO:root:TIME TO COMPUTE AND PLOT REGRET OF MCUDCONFIGURATION: 5.259526239803321
INFO:root:
 Computing and plotting regrets of configuration: MCUD with N=131072;  num_rep=20sample_rate=128 ...
INFO:root:TIME TO COMPUTE AND PLOT REGRET OF MCUDCONFIGURATION: 2.6787745118954263
INFO:root:
 Computing and plotting regrets of configuration: MCUD with N=131072;  num_rep=20sample_rate=128 ...
INFO:root:TIME TO COMPUTE AND PLOT REGRET OF MCUDCONFIGURATION: 1.696353898290738
INFO:root:
 Computing and plotting regrets of configuration: MCUD with N=131072;  num_rep=20sample_rate=128 ...
INFO:root:TIME TO COMPUTE AND PLOT REGRET OF MCUDCONFIGURATION: 1.7008258730525085
INFO:root:
 Computing and plotting regrets of configuration: MCUD with N=131072;  num_rep=20sample_rate=128 ...
INFO:root:TIME TO COMPUTE AND PLOT REGRET OF MCUDCONFIGURATION: 1.799896360170635
INFO:root:
 Computing and plotting regrets of configuration: MCUD with N=131072;  num_rep=20sample_rate=128 ...
INFO:root:TIME TO COMPUTE AND PLOT REGRET OF MCUDCONFIGURATION: 1.7047643324365822
INFO:root:
 Computing and plotting regrets of configuration: MUUD with N=131072;  num_rep=20sample_rate=128 ...
INFO:root:TIME TO COMPUTE AND PLOT REGRET OF MUUDCONFIGURATION: 12.387642135534787
INFO:root:
 Executing experiments of configuration MUUD with N=131072 and num_rep=20 ...
INFO:root:Executing experiments of policy BayesUCB2_0.099 ...
INFO:root:TIME TO PERFORM EXPERIMENTS OF BayesUCB2_0.099 POLICY: 9.687725048556153
INFO:root:TIME TO PERFORM EXPERIMENTS OF MUUDCONFIGURATION: 9.688502895135487
INFO:root:
 Computing and plotting regrets of configuration: MUUD with N=131072;  num_rep=20sample_rate=128 ...
INFO:root:TIME TO COMPUTE AND PLOT REGRET OF MUUDCONFIGURATION: 1.3903542648091758
INFO:root:
 Executing experiments of configuration MUUD with N=131072 and num_rep=20 ...
INFO:root:Executing experiments of policy BayesUCB2_0.099 ...
INFO:root:TIME TO PERFORM EXPERIMENTS OF BayesUCB2_0.099 POLICY: 9.367829169866638
INFO:root:TIME TO PERFORM EXPERIMENTS OF MUUDCONFIGURATION: 9.368504178782928
INFO:root:
 Computing and plotting regrets of configuration: MUUD with N=131072;  num_rep=20sample_rate=128 ...
INFO:root:TIME TO COMPUTE AND PLOT REGRET OF MUUDCONFIGURATION: 1.0223165022357534
INFO:root:
 Executing experiments of configuration MUUD with N=131072 and num_rep=20 ...
INFO:root:Executing experiments of policy BayesUCB2_0.099 ...
INFO:root:TIME TO PERFORM EXPERIMENTS OF BayesUCB2_0.099 POLICY: 10.91038682277565
INFO:root:TIME TO PERFORM EXPERIMENTS OF MUUDCONFIGURATION: 10.91103411657707
INFO:root:
 Computing and plotting regrets of configuration: MUUD with N=131072;  num_rep=20sample_rate=128 ...
INFO:root:TIME TO COMPUTE AND PLOT REGRET OF MUUDCONFIGURATION: 0.906304313420037
INFO:root:
 Executing experiments of configuration MUUD with N=131072 and num_rep=20 ...
INFO:root:Executing experiments of policy BayesUCB2_0.099 ...
INFO:root:TIME TO PERFORM EXPERIMENTS OF BayesUCB2_0.099 POLICY: 9.875792524650024
INFO:root:TIME TO PERFORM EXPERIMENTS OF MUUDCONFIGURATION: 9.876473003654723
INFO:root:
 Computing and plotting regrets of configuration: MUUD with N=131072;  num_rep=20sample_rate=128 ...
INFO:root:TIME TO COMPUTE AND PLOT REGRET OF MUUDCONFIGURATION: 0.9713414772010651
INFO:root:
 Executing experiments of configuration MUUD with N=131072 and num_rep=20 ...
INFO:root:Executing experiments of policy UCB2_0.5 ...
INFO:root:
 Executing experiments of configuration MUUD with N=131072 and num_rep=20 ...
INFO:root:Executing experiments of policy UCB2_0.5 ...
INFO:root:
 Executing experiments of configuration MUUD with N=131072 and num_rep=20 ...
INFO:root:Executing experiments of policy UCB2_0.5 ...
INFO:root:
 Executing experiments of configuration MUUD with N=131072 and num_rep=20 ...
INFO:root:Executing experiments of policy UCB2_0.5 ...
INFO:root:
 Executing experiments of configuration MUUD with N=131072 and num_rep=20 ...
INFO:root:Executing experiments of policy UCB2_0.5 ...
INFO:root:TIME TO PERFORM EXPERIMENTS OF UCB2_0.5 POLICY: 9.24678231163034
INFO:root:Executing experiments of policy BayesUCB2_0.1 ...
INFO:root:TIME TO PERFORM EXPERIMENTS OF BayesUCB2_0.1 POLICY: 9.42600064328235
INFO:root:TIME TO PERFORM EXPERIMENTS OF MUUDCONFIGURATION: 18.674327707894236
INFO:root:
 Executing experiments of configuration MUUD with N=131072 and num_rep=20 ...
INFO:root:Executing experiments of policy UCB2_0.5 ...
INFO:root:
 Executing experiments of configuration MUUD with N=131072 and num_rep=20 ...
INFO:root:Executing experiments of policy UCB2_0.5 ...
INFO:root:TIME TO PERFORM EXPERIMENTS OF UCB2_0.5 POLICY: 36.31838102885831
INFO:root:Executing experiments of policy BayesUCB2_0.1 ...
INFO:root:TIME TO PERFORM EXPERIMENTS OF BayesUCB2_0.1 POLICY: 63.4113925897077
INFO:root:TIME TO PERFORM EXPERIMENTS OF MUUDCONFIGURATION: 99.73104523179654
INFO:root:
 Executing experiments of configuration MUUD with N=131072 and num_rep=20 ...
INFO:root:Executing experiments of policy UCB1 ...
INFO:root:TIME TO PERFORM EXPERIMENTS OF UCB1 POLICY: 27.258020426039366
INFO:root:Executing experiments of policy UCB2_0.5 ...
INFO:root:TIME TO PERFORM EXPERIMENTS OF UCB2_0.5 POLICY: 14.121668260286242
INFO:root:Executing experiments of policy BayesUCB ...
INFO:root:TIME TO PERFORM EXPERIMENTS OF BayesUCB POLICY: 247.4624518541059
INFO:root:Executing experiments of policy BayesUCB2_0.1 ...
INFO:root:TIME TO PERFORM EXPERIMENTS OF BayesUCB2_0.1 POLICY: 9.90930520394977
INFO:root:TIME TO PERFORM EXPERIMENTS OF MUUDCONFIGURATION: 298.75635059036904
INFO:root:
 Executing experiments of configuration MUUD with N=131072 and num_rep=20 ...
INFO:root:Executing experiments of policy KLUCB_1e-06_50 ...
INFO:root:TIME TO PERFORM EXPERIMENTS OF KLUCB_1e-06_50 POLICY: 1722.7763295414697
INFO:root:TIME TO PERFORM EXPERIMENTS OF MUUDCONFIGURATION: 1722.778799833417
INFO:root:
 Executing experiments of configuration MUUS with N=131072 and num_rep=20 ...
INFO:root:Executing experiments of policy UCB1 ...
INFO:root:TIME TO PERFORM EXPERIMENTS OF UCB1 POLICY: 71.14216348404996
INFO:root:Executing experiments of policy UCB1SC ...
INFO:root:TIME TO PERFORM EXPERIMENTS OF UCB1SC POLICY: 94.87191979543343
INFO:root:TIME TO PERFORM EXPERIMENTS OF MUUSCONFIGURATION: 166.01541396869945
INFO:root:
 Computing and plotting regrets of configuration: MUUS with N=131072;  num_rep=20sample_rate=128 ...
INFO:root:TIME TO COMPUTE AND PLOT REGRET OF MUUSCONFIGURATION: 14.45896087357977
INFO:root:
 Computing and plotting regrets of configuration: MUUS with N=131072;  num_rep=20sample_rate=128 ...
INFO:root:TIME TO COMPUTE AND PLOT REGRET OF MUUSCONFIGURATION: 12.77331969945169
INFO:root:
 Executing experiments of configuration MUUD with N=131072 and num_rep=20 ...
INFO:root:Executing experiments of policy TSSC ...
INFO:root:
 Executing experiments of configuration MUUD with N=131072 and num_rep=20 ...
INFO:root:Executing experiments of policy TSSC ...
INFO:root:TIME TO PERFORM EXPERIMENTS OF TSSC POLICY: 56.69201856327845
INFO:root:TIME TO PERFORM EXPERIMENTS OF MUUDCONFIGURATION: 56.693079759666034
INFO:root:
 Computing and plotting regrets of configuration: MUUD with N=131072;  num_rep=20sample_rate=128 ...
INFO:root:
 Computing and plotting regrets of configuration: MUUD with N=131072;  num_rep=20sample_rate=128 ...
INFO:root:
 Executing experiments of configuration MUUD with N=131072 and num_rep=20 ...
INFO:root:Executing experiments of policy TSSC ...
INFO:root:TIME TO PERFORM EXPERIMENTS OF TSSC POLICY: 56.00261178299934
INFO:root:TIME TO PERFORM EXPERIMENTS OF MUUDCONFIGURATION: 56.00330283700441
INFO:root:
 Computing and plotting regrets of configuration: MUUD with N=131072;  num_rep=20sample_rate=128 ...
INFO:root:TIME TO COMPUTE AND PLOT REGRET OF MUUDCONFIGURATION: 1.4453553148073297
INFO:root:
 Executing experiments of configuration MUUD with N=131072 and num_rep=20 ...
INFO:root:Executing experiments of policy TS ...
INFO:root:TIME TO PERFORM EXPERIMENTS OF TS POLICY: 49.75509848340107
INFO:root:Executing experiments of policy TSSC ...
INFO:root:TIME TO PERFORM EXPERIMENTS OF TSSC POLICY: 55.84092447344983
INFO:root:TIME TO PERFORM EXPERIMENTS OF MUUDCONFIGURATION: 105.59708014184298
INFO:root:
 Computing and plotting regrets of configuration: MUUD with N=131072;  num_rep=20sample_rate=128 ...
INFO:root:TIME TO COMPUTE AND PLOT REGRET OF MUUDCONFIGURATION: 1.3641508167929715
INFO:root:
 Executing experiments of configuration MUUD with N=131072 and num_rep=20 ...
INFO:root:Executing experiments of policy TSSC ...
INFO:root:TIME TO PERFORM EXPERIMENTS OF TSSC POLICY: 55.51846007640597
INFO:root:TIME TO PERFORM EXPERIMENTS OF MUUDCONFIGURATION: 55.51880177434987
INFO:root:
 Computing and plotting regrets of configuration: MUUD with N=131072;  num_rep=20sample_rate=128 ...
INFO:root:TIME TO COMPUTE AND PLOT REGRET OF MUUDCONFIGURATION: 1.3662352836490754
INFO:root:
 Executing experiments of configuration MUUD with N=131072 and num_rep=20 ...
INFO:root:Executing experiments of policy BayesUCBSC ...
INFO:root:TIME TO PERFORM EXPERIMENTS OF BayesUCBSC POLICY: 230.55210146058562
INFO:root:TIME TO PERFORM EXPERIMENTS OF MUUDCONFIGURATION: 230.55329175096722
INFO:root:
 Computing and plotting regrets of configuration: MUUD with N=131072;  num_rep=20sample_rate=128 ...
INFO:root:TIME TO COMPUTE AND PLOT REGRET OF MUUDCONFIGURATION: 2.1306766713296383
INFO:root:
 Executing experiments of configuration MUUD with N=131072 and num_rep=20 ...
INFO:root:Executing experiments of policy BayesUCB2SC_0.1 ...
INFO:root:TIME TO PERFORM EXPERIMENTS OF BayesUCB2SC_0.1 POLICY: 9.166158921270835
INFO:root:TIME TO PERFORM EXPERIMENTS OF MUUDCONFIGURATION: 9.166600904095503
INFO:root:
 Executing experiments of configuration MUUD with N=131072 and num_rep=20 ...
INFO:root:Executing experiments of policy BayesUCB2SC_0.1 ...
INFO:root:TIME TO PERFORM EXPERIMENTS OF BayesUCB2SC_0.1 POLICY: 9.124694222277867
INFO:root:TIME TO PERFORM EXPERIMENTS OF MUUDCONFIGURATION: 9.12510010254573
INFO:root:
 Computing and plotting regrets of configuration: MUUD with N=131072;  num_rep=20sample_rate=128 ...
INFO:root:TIME TO COMPUTE AND PLOT REGRET OF MUUDCONFIGURATION: 1.5661340506194392
INFO:root:
 Executing experiments of configuration MUUD with N=131072 and num_rep=20 ...
INFO:root:Executing experiments of policy TS2SC_0.1 ...
INFO:root:TIME TO PERFORM EXPERIMENTS OF TS2SC_0.1 POLICY: 8.862930987956133
INFO:root:TIME TO PERFORM EXPERIMENTS OF MUUDCONFIGURATION: 8.863358383889135
INFO:root:
 Computing and plotting regrets of configuration: MUUD with N=131072;  num_rep=20sample_rate=128 ...
INFO:root:TIME TO COMPUTE AND PLOT REGRET OF MUUDCONFIGURATION: 1.7353394442689023
INFO:root:
 Executing experiments of configuration MUUD with N=131072 and num_rep=20 ...
INFO:root:Executing experiments of policy UCB2SC_0.5 ...
INFO:root:TIME TO PERFORM EXPERIMENTS OF UCB2SC_0.5 POLICY: 8.84588656941105
INFO:root:TIME TO PERFORM EXPERIMENTS OF MUUDCONFIGURATION: 8.846511982402262
INFO:root:
 Computing and plotting regrets of configuration: MUUD with N=131072;  num_rep=20sample_rate=128 ...
INFO:root:TIME TO COMPUTE AND PLOT REGRET OF MUUDCONFIGURATION: 1.0328073786331515
INFO:root:
 Computing and plotting regrets of configuration: MUUD with N=131072;  num_rep=20sample_rate=128 ...
INFO:root:TIME TO COMPUTE AND PLOT REGRET OF MUUDCONFIGURATION: 2.204993238975476
INFO:root:
 Executing experiments of configuration MUUD with N=131072 and num_rep=20 ...
INFO:root:Executing experiment 0 of policy UCB1 ...
INFO:root:TIME TO PERFORM EXPERIMENT0OF UCB1 POLICY: 1.1027435026335297
INFO:root:Executing experiment 0 of policy UCB2_0.5 ...
INFO:root:TIME TO PERFORM EXPERIMENT0OF UCB2_0.5 POLICY: 0.3651974262902513
INFO:root:Executing experiment 1 of policy UCB1 ...
INFO:root:TIME TO PERFORM EXPERIMENT1OF UCB1 POLICY: 1.0775286012467404
INFO:root:Executing experiment 1 of policy UCB2_0.5 ...
INFO:root:TIME TO PERFORM EXPERIMENT1OF UCB2_0.5 POLICY: 0.40018080452500726
INFO:root:Executing experiment 2 of policy UCB1 ...
INFO:root:TIME TO PERFORM EXPERIMENT2OF UCB1 POLICY: 1.023012280704279
INFO:root:Executing experiment 2 of policy UCB2_0.5 ...
INFO:root:TIME TO PERFORM EXPERIMENT2OF UCB2_0.5 POLICY: 0.34924665996368276
INFO:root:Executing experiment 3 of policy UCB1 ...
INFO:root:TIME TO PERFORM EXPERIMENT3OF UCB1 POLICY: 1.0486516606433725
INFO:root:Executing experiment 3 of policy UCB2_0.5 ...
INFO:root:TIME TO PERFORM EXPERIMENT3OF UCB2_0.5 POLICY: 0.34118448479785
INFO:root:Executing experiment 4 of policy UCB1 ...
INFO:root:TIME TO PERFORM EXPERIMENT4OF UCB1 POLICY: 1.01856181997573
INFO:root:Executing experiment 4 of policy UCB2_0.5 ...
INFO:root:TIME TO PERFORM EXPERIMENT4OF UCB2_0.5 POLICY: 0.3627329708979232
INFO:root:Executing experiment 5 of policy UCB1 ...
INFO:root:TIME TO PERFORM EXPERIMENT5OF UCB1 POLICY: 1.0191274267090193
INFO:root:Executing experiment 5 of policy UCB2_0.5 ...
INFO:root:TIME TO PERFORM EXPERIMENT5OF UCB2_0.5 POLICY: 0.3686446735227946
INFO:root:Executing experiment 6 of policy UCB1 ...
INFO:root:TIME TO PERFORM EXPERIMENT6OF UCB1 POLICY: 1.0928251454679412
INFO:root:Executing experiment 6 of policy UCB2_0.5 ...
INFO:root:TIME TO PERFORM EXPERIMENT6OF UCB2_0.5 POLICY: 0.3806945402720885
INFO:root:Executing experiment 7 of policy UCB1 ...
INFO:root:TIME TO PERFORM EXPERIMENT7OF UCB1 POLICY: 1.0678804662566108
INFO:root:Executing experiment 7 of policy UCB2_0.5 ...
INFO:root:TIME TO PERFORM EXPERIMENT7OF UCB2_0.5 POLICY: 0.38127145184989786
INFO:root:Executing experiment 8 of policy UCB1 ...
INFO:root:TIME TO PERFORM EXPERIMENT8OF UCB1 POLICY: 1.0176946292522189
INFO:root:Executing experiment 8 of policy UCB2_0.5 ...
INFO:root:TIME TO PERFORM EXPERIMENT8OF UCB2_0.5 POLICY: 0.3621498598913604
INFO:root:Executing experiment 9 of policy UCB1 ...
INFO:root:TIME TO PERFORM EXPERIMENT9OF UCB1 POLICY: 1.0699386767046235
INFO:root:Executing experiment 9 of policy UCB2_0.5 ...
INFO:root:TIME TO PERFORM EXPERIMENT9OF UCB2_0.5 POLICY: 0.3544534510401718
INFO:root:Executing experiment 10 of policy UCB1 ...
INFO:root:TIME TO PERFORM EXPERIMENT10OF UCB1 POLICY: 0.9948442630484351
INFO:root:Executing experiment 10 of policy UCB2_0.5 ...
INFO:root:TIME TO PERFORM EXPERIMENT10OF UCB2_0.5 POLICY: 0.3623391248183907
INFO:root:Executing experiment 11 of policy UCB1 ...
INFO:root:TIME TO PERFORM EXPERIMENT11OF UCB1 POLICY: 0.9911224175739335
INFO:root:Executing experiment 11 of policy UCB2_0.5 ...
INFO:root:TIME TO PERFORM EXPERIMENT11OF UCB2_0.5 POLICY: 0.3540530408572522
INFO:root:Executing experiment 12 of policy UCB1 ...
INFO:root:TIME TO PERFORM EXPERIMENT12OF UCB1 POLICY: 0.9945109525688167
INFO:root:Executing experiment 12 of policy UCB2_0.5 ...
INFO:root:TIME TO PERFORM EXPERIMENT12OF UCB2_0.5 POLICY: 0.40666321929893456
INFO:root:Executing experiment 13 of policy UCB1 ...
INFO:root:TIME TO PERFORM EXPERIMENT13OF UCB1 POLICY: 1.0276877442411205
INFO:root:Executing experiment 13 of policy UCB2_0.5 ...
INFO:root:TIME TO PERFORM EXPERIMENT13OF UCB2_0.5 POLICY: 0.4432289106371172
INFO:root:Executing experiment 14 of policy UCB1 ...
INFO:root:TIME TO PERFORM EXPERIMENT14OF UCB1 POLICY: 1.0146116896466992
INFO:root:Executing experiment 14 of policy UCB2_0.5 ...
INFO:root:TIME TO PERFORM EXPERIMENT14OF UCB2_0.5 POLICY: 0.41171356595805264
INFO:root:Executing experiment 15 of policy UCB1 ...
INFO:root:TIME TO PERFORM EXPERIMENT15OF UCB1 POLICY: 1.0195829024123668
INFO:root:Executing experiment 15 of policy UCB2_0.5 ...
INFO:root:TIME TO PERFORM EXPERIMENT15OF UCB2_0.5 POLICY: 0.350522283664759
INFO:root:Executing experiment 16 of policy UCB1 ...
INFO:root:TIME TO PERFORM EXPERIMENT16OF UCB1 POLICY: 1.060597595791478
INFO:root:Executing experiment 16 of policy UCB2_0.5 ...
INFO:root:TIME TO PERFORM EXPERIMENT16OF UCB2_0.5 POLICY: 0.3990459443302825
INFO:root:Executing experiment 17 of policy UCB1 ...
INFO:root:TIME TO PERFORM EXPERIMENT17OF UCB1 POLICY: 1.126643760384468
INFO:root:Executing experiment 17 of policy UCB2_0.5 ...
INFO:root:TIME TO PERFORM EXPERIMENT17OF UCB2_0.5 POLICY: 0.4165166647944716
INFO:root:Executing experiment 18 of policy UCB1 ...
INFO:root:TIME TO PERFORM EXPERIMENT18OF UCB1 POLICY: 1.010536841382418
INFO:root:Executing experiment 18 of policy UCB2_0.5 ...
INFO:root:TIME TO PERFORM EXPERIMENT18OF UCB2_0.5 POLICY: 0.3560784307992435
INFO:root:Executing experiment 19 of policy UCB1 ...
INFO:root:TIME TO PERFORM EXPERIMENT19OF UCB1 POLICY: 1.0240774884878192
INFO:root:Executing experiment 19 of policy UCB2_0.5 ...
INFO:root:TIME TO PERFORM EXPERIMENT19OF UCB2_0.5 POLICY: 0.34718297943254584
INFO:root:TIME TO PERFORM EXPERIMENTS OF MUUDCONFIGURATION: 30.830047757484863
INFO:root:
 Computing and plotting regrets of configuration: MUUD with N=131072;  num_rep=20sample_rate=128 ...
INFO:root:
 Computing and plotting regrets of configuration: MUUD with N=131072;  num_rep=20sample_rate=128 ...
INFO:root:
 Computing and plotting regrets of configuration: MUUD with N=131072;  num_rep=20sample_rate=128 ...
INFO:root:
 Executing experiments of configuration MUUD with N=131072 and num_rep=20 ...
INFO:root:Executing experiment 0 of policy UCB2_0.5 ...
INFO:root:TIME TO PERFORM EXPERIMENT0OF UCB2_0.5 POLICY: 0.34458979472037754
INFO:root:Executing experiment 1 of policy UCB2_0.5 ...
INFO:root:TIME TO PERFORM EXPERIMENT1OF UCB2_0.5 POLICY: 0.3756875896178826
INFO:root:Executing experiment 2 of policy UCB2_0.5 ...
INFO:root:TIME TO PERFORM EXPERIMENT2OF UCB2_0.5 POLICY: 0.4299369700420357
INFO:root:Executing experiment 3 of policy UCB2_0.5 ...
INFO:root:TIME TO PERFORM EXPERIMENT3OF UCB2_0.5 POLICY: 0.3543600949305983
INFO:root:Executing experiment 4 of policy UCB2_0.5 ...
INFO:root:TIME TO PERFORM EXPERIMENT4OF UCB2_0.5 POLICY: 0.3449923929365468
INFO:root:Executing experiment 5 of policy UCB2_0.5 ...
INFO:root:TIME TO PERFORM EXPERIMENT5OF UCB2_0.5 POLICY: 0.38180350873153657
INFO:root:Executing experiment 6 of policy UCB2_0.5 ...
INFO:root:TIME TO PERFORM EXPERIMENT6OF UCB2_0.5 POLICY: 0.3412767468907987
INFO:root:Executing experiment 7 of policy UCB2_0.5 ...
INFO:root:TIME TO PERFORM EXPERIMENT7OF UCB2_0.5 POLICY: 0.36664626932906685
INFO:root:Executing experiment 8 of policy UCB2_0.5 ...
INFO:root:TIME TO PERFORM EXPERIMENT8OF UCB2_0.5 POLICY: 0.3544078670020099
INFO:root:Executing experiment 9 of policy UCB2_0.5 ...
INFO:root:TIME TO PERFORM EXPERIMENT9OF UCB2_0.5 POLICY: 0.3823720328473428
INFO:root:Executing experiment 10 of policy UCB2_0.5 ...
INFO:root:TIME TO PERFORM EXPERIMENT10OF UCB2_0.5 POLICY: 0.33326161444711033
INFO:root:Executing experiment 11 of policy UCB2_0.5 ...
INFO:root:TIME TO PERFORM EXPERIMENT11OF UCB2_0.5 POLICY: 0.33273721568548353
INFO:root:Executing experiment 12 of policy UCB2_0.5 ...
INFO:root:TIME TO PERFORM EXPERIMENT12OF UCB2_0.5 POLICY: 0.4590746513385966
INFO:root:Executing experiment 13 of policy UCB2_0.5 ...
INFO:root:TIME TO PERFORM EXPERIMENT13OF UCB2_0.5 POLICY: 0.3816204432405357
INFO:root:Executing experiment 14 of policy UCB2_0.5 ...
INFO:root:TIME TO PERFORM EXPERIMENT14OF UCB2_0.5 POLICY: 0.3339347995133721
INFO:root:Executing experiment 15 of policy UCB2_0.5 ...
INFO:root:TIME TO PERFORM EXPERIMENT15OF UCB2_0.5 POLICY: 0.3744823476736201
INFO:root:Executing experiment 16 of policy UCB2_0.5 ...
INFO:root:TIME TO PERFORM EXPERIMENT16OF UCB2_0.5 POLICY: 0.36508656591104227
INFO:root:Executing experiment 17 of policy UCB2_0.5 ...
INFO:root:TIME TO PERFORM EXPERIMENT17OF UCB2_0.5 POLICY: 0.34134238790284144
INFO:root:Executing experiment 18 of policy UCB2_0.5 ...
INFO:root:TIME TO PERFORM EXPERIMENT18OF UCB2_0.5 POLICY: 0.3409339549325523
INFO:root:Executing experiment 19 of policy UCB2_0.5 ...
INFO:root:TIME TO PERFORM EXPERIMENT19OF UCB2_0.5 POLICY: 0.37736325882724486
INFO:root:TIME TO PERFORM EXPERIMENTS OF MUUDCONFIGURATION: 9.747460786787997
INFO:root:
 Computing and plotting regrets of configuration: MUUD with N=131072;  num_rep=20sample_rate=128 ...
INFO:root:
 Computing and plotting regrets of configuration: MUUD with N=131072;  num_rep=20sample_rate=128 ...
INFO:root:
 Executing experiments of configuration MUUD with N=131072 and num_rep=20 ...
INFO:root:Executing experiment 0 of policy UCB2_0.5 ...
INFO:root:TIME TO PERFORM EXPERIMENT0OF UCB2_0.5 POLICY: 0.353432368603535
INFO:root:Executing experiment 1 of policy UCB2_0.5 ...
INFO:root:TIME TO PERFORM EXPERIMENT1OF UCB2_0.5 POLICY: 0.37193292363735964
INFO:root:Executing experiment 2 of policy UCB2_0.5 ...
INFO:root:TIME TO PERFORM EXPERIMENT2OF UCB2_0.5 POLICY: 0.37487911113203154
INFO:root:Executing experiment 3 of policy UCB2_0.5 ...
INFO:root:TIME TO PERFORM EXPERIMENT3OF UCB2_0.5 POLICY: 0.38750734814675525
INFO:root:Executing experiment 4 of policy UCB2_0.5 ...
INFO:root:TIME TO PERFORM EXPERIMENT4OF UCB2_0.5 POLICY: 0.3711645591065462
INFO:root:Executing experiment 5 of policy UCB2_0.5 ...
INFO:root:TIME TO PERFORM EXPERIMENT5OF UCB2_0.5 POLICY: 0.3618238428607583
INFO:root:Executing experiment 6 of policy UCB2_0.5 ...
INFO:root:TIME TO PERFORM EXPERIMENT6OF UCB2_0.5 POLICY: 0.42017359860255965
INFO:root:Executing experiment 7 of policy UCB2_0.5 ...
INFO:root:TIME TO PERFORM EXPERIMENT7OF UCB2_0.5 POLICY: 0.33565495874063345
INFO:root:Executing experiment 8 of policy UCB2_0.5 ...
INFO:root:TIME TO PERFORM EXPERIMENT8OF UCB2_0.5 POLICY: 0.3300645324088691
INFO:root:Executing experiment 9 of policy UCB2_0.5 ...
INFO:root:TIME TO PERFORM EXPERIMENT9OF UCB2_0.5 POLICY: 0.33284041794468067
INFO:root:Executing experiment 10 of policy UCB2_0.5 ...
INFO:root:TIME TO PERFORM EXPERIMENT10OF UCB2_0.5 POLICY: 0.37254156170456554
INFO:root:Executing experiment 11 of policy UCB2_0.5 ...
INFO:root:TIME TO PERFORM EXPERIMENT11OF UCB2_0.5 POLICY: 0.3640322982973885
INFO:root:Executing experiment 12 of policy UCB2_0.5 ...
INFO:root:TIME TO PERFORM EXPERIMENT12OF UCB2_0.5 POLICY: 0.34117755602346733
INFO:root:Executing experiment 13 of policy UCB2_0.5 ...
INFO:root:TIME TO PERFORM EXPERIMENT13OF UCB2_0.5 POLICY: 0.3417643137545383
INFO:root:Executing experiment 14 of policy UCB2_0.5 ...
INFO:root:TIME TO PERFORM EXPERIMENT14OF UCB2_0.5 POLICY: 0.4360047524096444
INFO:root:Executing experiment 15 of policy UCB2_0.5 ...
INFO:root:TIME TO PERFORM EXPERIMENT15OF UCB2_0.5 POLICY: 0.3429804958686873
INFO:root:Executing experiment 16 of policy UCB2_0.5 ...
INFO:root:TIME TO PERFORM EXPERIMENT16OF UCB2_0.5 POLICY: 0.3377248387077998
INFO:root:Executing experiment 17 of policy UCB2_0.5 ...
INFO:root:TIME TO PERFORM EXPERIMENT17OF UCB2_0.5 POLICY: 0.33974913463316625
INFO:root:Executing experiment 18 of policy UCB2_0.5 ...
INFO:root:TIME TO PERFORM EXPERIMENT18OF UCB2_0.5 POLICY: 0.3393191859940998
INFO:root:Executing experiment 19 of policy UCB2_0.5 ...
INFO:root:TIME TO PERFORM EXPERIMENT19OF UCB2_0.5 POLICY: 0.36612150589280645
INFO:root:TIME TO PERFORM EXPERIMENTS OF MUUDCONFIGURATION: 9.57846580905607
INFO:root:
 Computing and plotting regrets of configuration: MUUD with N=131072;  num_rep=20sample_rate=128 ...
INFO:root:
 Executing experiments of configuration MUUD with N=131072 and num_rep=20 ...
INFO:root:Executing experiment 0 of policy UCB2_0.5 ...
INFO:root:TIME TO PERFORM EXPERIMENT0OF UCB2_0.5 POLICY: 0.41611041985379416
INFO:root:Executing experiment 1 of policy UCB2_0.5 ...
INFO:root:TIME TO PERFORM EXPERIMENT1OF UCB2_0.5 POLICY: 0.3295981165392732
INFO:root:Executing experiment 2 of policy UCB2_0.5 ...
INFO:root:TIME TO PERFORM EXPERIMENT2OF UCB2_0.5 POLICY: 0.3484210418864677
INFO:root:Executing experiment 3 of policy UCB2_0.5 ...
INFO:root:TIME TO PERFORM EXPERIMENT3OF UCB2_0.5 POLICY: 0.36010660100509995
INFO:root:Executing experiment 4 of policy UCB2_0.5 ...
INFO:root:TIME TO PERFORM EXPERIMENT4OF UCB2_0.5 POLICY: 0.4000746848869312
INFO:root:Executing experiment 5 of policy UCB2_0.5 ...
INFO:root:TIME TO PERFORM EXPERIMENT5OF UCB2_0.5 POLICY: 0.33913393246621126
INFO:root:Executing experiment 6 of policy UCB2_0.5 ...
INFO:root:TIME TO PERFORM EXPERIMENT6OF UCB2_0.5 POLICY: 0.3482609507445886
INFO:root:Executing experiment 7 of policy UCB2_0.5 ...
INFO:root:TIME TO PERFORM EXPERIMENT7OF UCB2_0.5 POLICY: 0.3825678618704842
INFO:root:Executing experiment 8 of policy UCB2_0.5 ...
INFO:root:TIME TO PERFORM EXPERIMENT8OF UCB2_0.5 POLICY: 0.3936549937498057
INFO:root:Executing experiment 9 of policy UCB2_0.5 ...
INFO:root:TIME TO PERFORM EXPERIMENT9OF UCB2_0.5 POLICY: 0.4522983106908214
INFO:root:Executing experiment 10 of policy UCB2_0.5 ...
INFO:root:TIME TO PERFORM EXPERIMENT10OF UCB2_0.5 POLICY: 0.48187141070957296
INFO:root:Executing experiment 11 of policy UCB2_0.5 ...
INFO:root:TIME TO PERFORM EXPERIMENT11OF UCB2_0.5 POLICY: 0.3753659486537799
INFO:root:Executing experiment 12 of policy UCB2_0.5 ...
INFO:root:TIME TO PERFORM EXPERIMENT12OF UCB2_0.5 POLICY: 0.3785732415126404
INFO:root:Executing experiment 13 of policy UCB2_0.5 ...
INFO:root:TIME TO PERFORM EXPERIMENT13OF UCB2_0.5 POLICY: 0.3566899862453283
INFO:root:Executing experiment 14 of policy UCB2_0.5 ...
INFO:root:TIME TO PERFORM EXPERIMENT14OF UCB2_0.5 POLICY: 0.35057990188579424
INFO:root:Executing experiment 15 of policy UCB2_0.5 ...
INFO:root:TIME TO PERFORM EXPERIMENT15OF UCB2_0.5 POLICY: 0.35428351374866907
INFO:root:Executing experiment 16 of policy UCB2_0.5 ...
INFO:root:TIME TO PERFORM EXPERIMENT16OF UCB2_0.5 POLICY: 0.3790363753323618
INFO:root:Executing experiment 17 of policy UCB2_0.5 ...
INFO:root:TIME TO PERFORM EXPERIMENT17OF UCB2_0.5 POLICY: 0.34624285424797563
INFO:root:Executing experiment 18 of policy UCB2_0.5 ...
INFO:root:TIME TO PERFORM EXPERIMENT18OF UCB2_0.5 POLICY: 0.3802700617161463
INFO:root:Executing experiment 19 of policy UCB2_0.5 ...
INFO:root:TIME TO PERFORM EXPERIMENT19OF UCB2_0.5 POLICY: 0.3609260196608375
INFO:root:TIME TO PERFORM EXPERIMENTS OF MUUDCONFIGURATION: 9.950837068794499
INFO:root:
 Computing and plotting regrets of configuration: MUUD with N=131072;  num_rep=20sample_rate=128 ...
INFO:root:
 Computing and plotting regrets of configuration: MUUD with N=131072;  num_rep=20sample_rate=128 ...
INFO:root:TIME TO COMPUTE AND PLOT REGRET OF MUUDCONFIGURATION: 1.018085922627506
INFO:root:
 Computing and plotting regrets of configuration: MUUD with N=131072;  num_rep=20sample_rate=128 ...
INFO:root:TIME TO COMPUTE AND PLOT REGRET OF MUUDCONFIGURATION: 1.337035608063161
INFO:root:
 Executing experiments of configuration MUUD with N=131072 and num_rep=20 ...
INFO:root:Executing experiment 0 of policy UCB1 ...
INFO:root:TIME TO PERFORM EXPERIMENT0OF UCB1 POLICY: 1.0582020634610672
INFO:root:Executing experiment 0 of policy UCB1SC ...
INFO:root:TIME TO PERFORM EXPERIMENT0OF UCB1SC POLICY: 1.4116723579863901
INFO:root:Executing experiment 1 of policy UCB1 ...
INFO:root:TIME TO PERFORM EXPERIMENT1OF UCB1 POLICY: 1.043250863909634
INFO:root:Executing experiment 1 of policy UCB1SC ...
INFO:root:TIME TO PERFORM EXPERIMENT1OF UCB1SC POLICY: 1.2808479943741986
INFO:root:Executing experiment 2 of policy UCB1 ...
INFO:root:TIME TO PERFORM EXPERIMENT2OF UCB1 POLICY: 1.045790441792633
INFO:root:Executing experiment 2 of policy UCB1SC ...
INFO:root:TIME TO PERFORM EXPERIMENT2OF UCB1SC POLICY: 1.3378006905440998
INFO:root:Executing experiment 3 of policy UCB1 ...
INFO:root:TIME TO PERFORM EXPERIMENT3OF UCB1 POLICY: 1.028264655811654
INFO:root:Executing experiment 3 of policy UCB1SC ...
INFO:root:TIME TO PERFORM EXPERIMENT3OF UCB1SC POLICY: 1.4153697704168735
INFO:root:Executing experiment 4 of policy UCB1 ...
INFO:root:TIME TO PERFORM EXPERIMENT4OF UCB1 POLICY: 1.0197769080768921
INFO:root:Executing experiment 4 of policy UCB1SC ...
INFO:root:TIME TO PERFORM EXPERIMENT4OF UCB1SC POLICY: 1.3763199313834775
INFO:root:Executing experiment 5 of policy UCB1 ...
INFO:root:TIME TO PERFORM EXPERIMENT5OF UCB1 POLICY: 1.0263074595932267
INFO:root:Executing experiment 5 of policy UCB1SC ...
INFO:root:TIME TO PERFORM EXPERIMENT5OF UCB1SC POLICY: 1.3030222581401176
INFO:root:Executing experiment 6 of policy UCB1 ...
INFO:root:TIME TO PERFORM EXPERIMENT6OF UCB1 POLICY: 1.020771369432623
INFO:root:Executing experiment 6 of policy UCB1SC ...
INFO:root:TIME TO PERFORM EXPERIMENT6OF UCB1SC POLICY: 1.2876192296098452
INFO:root:Executing experiment 7 of policy UCB1 ...
INFO:root:TIME TO PERFORM EXPERIMENT7OF UCB1 POLICY: 1.0061961470164533
INFO:root:Executing experiment 7 of policy UCB1SC ...
INFO:root:TIME TO PERFORM EXPERIMENT7OF UCB1SC POLICY: 1.3834532862092601
INFO:root:Executing experiment 8 of policy UCB1 ...
INFO:root:TIME TO PERFORM EXPERIMENT8OF UCB1 POLICY: 1.0007329913205467
INFO:root:Executing experiment 8 of policy UCB1SC ...
INFO:root:TIME TO PERFORM EXPERIMENT8OF UCB1SC POLICY: 1.2731566909351386
INFO:root:Executing experiment 9 of policy UCB1 ...
INFO:root:TIME TO PERFORM EXPERIMENT9OF UCB1 POLICY: 0.9821646072414296
INFO:root:Executing experiment 9 of policy UCB1SC ...
INFO:root:TIME TO PERFORM EXPERIMENT9OF UCB1SC POLICY: 1.274796257584967
INFO:root:Executing experiment 10 of policy UCB1 ...
INFO:root:TIME TO PERFORM EXPERIMENT10OF UCB1 POLICY: 1.0305041083993274
INFO:root:Executing experiment 10 of policy UCB1SC ...
INFO:root:TIME TO PERFORM EXPERIMENT10OF UCB1SC POLICY: 1.2672526464266411
INFO:root:Executing experiment 11 of policy UCB1 ...
INFO:root:TIME TO PERFORM EXPERIMENT11OF UCB1 POLICY: 1.0035340392423677
INFO:root:Executing experiment 11 of policy UCB1SC ...
INFO:root:TIME TO PERFORM EXPERIMENT11OF UCB1SC POLICY: 1.3021634548749716
INFO:root:Executing experiment 12 of policy UCB1 ...
INFO:root:TIME TO PERFORM EXPERIMENT12OF UCB1 POLICY: 1.0123678609925264
INFO:root:Executing experiment 12 of policy UCB1SC ...
INFO:root:TIME TO PERFORM EXPERIMENT12OF UCB1SC POLICY: 1.2782402227712737
INFO:root:Executing experiment 13 of policy UCB1 ...
INFO:root:TIME TO PERFORM EXPERIMENT13OF UCB1 POLICY: 0.9761806994974904
INFO:root:Executing experiment 13 of policy UCB1SC ...
INFO:root:TIME TO PERFORM EXPERIMENT13OF UCB1SC POLICY: 1.3033996939666395
INFO:root:Executing experiment 14 of policy UCB1 ...
INFO:root:TIME TO PERFORM EXPERIMENT14OF UCB1 POLICY: 1.0369697482456104
INFO:root:Executing experiment 14 of policy UCB1SC ...
INFO:root:TIME TO PERFORM EXPERIMENT14OF UCB1SC POLICY: 1.301141278425348
INFO:root:Executing experiment 15 of policy UCB1 ...
INFO:root:TIME TO PERFORM EXPERIMENT15OF UCB1 POLICY: 0.9753517993667629
INFO:root:Executing experiment 15 of policy UCB1SC ...
INFO:root:TIME TO PERFORM EXPERIMENT15OF UCB1SC POLICY: 1.3057463602053758
INFO:root:Executing experiment 16 of policy UCB1 ...
INFO:root:TIME TO PERFORM EXPERIMENT16OF UCB1 POLICY: 0.9956122629082529
INFO:root:Executing experiment 16 of policy UCB1SC ...
INFO:root:TIME TO PERFORM EXPERIMENT16OF UCB1SC POLICY: 1.2817261252712342
INFO:root:Executing experiment 17 of policy UCB1 ...
INFO:root:TIME TO PERFORM EXPERIMENT17OF UCB1 POLICY: 1.0144009090581676
INFO:root:Executing experiment 17 of policy UCB1SC ...
INFO:root:TIME TO PERFORM EXPERIMENT17OF UCB1SC POLICY: 1.2866470132576069
INFO:root:Executing experiment 18 of policy UCB1 ...
INFO:root:TIME TO PERFORM EXPERIMENT18OF UCB1 POLICY: 0.986616526653961
INFO:root:Executing experiment 18 of policy UCB1SC ...
INFO:root:TIME TO PERFORM EXPERIMENT18OF UCB1SC POLICY: 1.3085324565654446
INFO:root:Executing experiment 19 of policy UCB1 ...
INFO:root:TIME TO PERFORM EXPERIMENT19OF UCB1 POLICY: 0.9966840347951802
INFO:root:Executing experiment 19 of policy UCB1SC ...
INFO:root:TIME TO PERFORM EXPERIMENT19OF UCB1SC POLICY: 1.2776428895485878
INFO:root:TIME TO PERFORM EXPERIMENTS OF MUUDCONFIGURATION: 48.892676942647086
INFO:root:
 Computing and plotting regrets of configuration: MUUD with N=131072;  num_rep=20sample_rate=128 ...
INFO:root:
 Computing and plotting regrets of configuration: MUUD with N=131072;  num_rep=20sample_rate=128 ...
INFO:root:TIME TO COMPUTE AND PLOT REGRET OF MUUDCONFIGURATION: 1.3967871641179954
INFO:root:
 Executing experiments of configuration MUUS with N=131072 and num_rep=20 ...
INFO:root:Executing experiment 0 of policy UCB1 ...
INFO:root:TIME TO PERFORM EXPERIMENT0OF UCB1 POLICY: 1.1423042475580587
INFO:root:Executing experiment 0 of policy UCB1SC ...
INFO:root:
 Executing experiments of configuration MUUS with N=131072 and num_rep=20 ...
INFO:root:Executing experiment 0 of policy UCB1 ...
INFO:root:TIME TO PERFORM EXPERIMENT0OF UCB1 POLICY: 1.1049690976687998
INFO:root:Executing experiment 0 of policy UCB1SC ...
INFO:root:TIME TO PERFORM EXPERIMENT0OF UCB1SC POLICY: 3.5065560785769776
INFO:root:Executing experiment 1 of policy UCB1 ...
INFO:root:TIME TO PERFORM EXPERIMENT1OF UCB1 POLICY: 1.1133022243557207
INFO:root:Executing experiment 1 of policy UCB1SC ...
INFO:root:TIME TO PERFORM EXPERIMENT1OF UCB1SC POLICY: 3.42365038429125
INFO:root:Executing experiment 2 of policy UCB1 ...
INFO:root:TIME TO PERFORM EXPERIMENT2OF UCB1 POLICY: 1.1317502665770007
INFO:root:Executing experiment 2 of policy UCB1SC ...
INFO:root:TIME TO PERFORM EXPERIMENT2OF UCB1SC POLICY: 3.4469244997089845
INFO:root:Executing experiment 3 of policy UCB1 ...
INFO:root:TIME TO PERFORM EXPERIMENT3OF UCB1 POLICY: 1.0932653049349028
INFO:root:Executing experiment 3 of policy UCB1SC ...
INFO:root:TIME TO PERFORM EXPERIMENT3OF UCB1SC POLICY: 3.463440508090571
INFO:root:Executing experiment 4 of policy UCB1 ...
INFO:root:TIME TO PERFORM EXPERIMENT4OF UCB1 POLICY: 1.1438096148049226
INFO:root:Executing experiment 4 of policy UCB1SC ...
INFO:root:TIME TO PERFORM EXPERIMENT4OF UCB1SC POLICY: 3.3976518021372613
INFO:root:Executing experiment 5 of policy UCB1 ...
INFO:root:TIME TO PERFORM EXPERIMENT5OF UCB1 POLICY: 1.1082682879496133
INFO:root:Executing experiment 5 of policy UCB1SC ...
INFO:root:TIME TO PERFORM EXPERIMENT5OF UCB1SC POLICY: 3.5050033039296977
INFO:root:Executing experiment 6 of policy UCB1 ...
INFO:root:TIME TO PERFORM EXPERIMENT6OF UCB1 POLICY: 1.136135086286231
INFO:root:Executing experiment 6 of policy UCB1SC ...
INFO:root:TIME TO PERFORM EXPERIMENT6OF UCB1SC POLICY: 3.480313895324798
INFO:root:Executing experiment 7 of policy UCB1 ...
INFO:root:TIME TO PERFORM EXPERIMENT7OF UCB1 POLICY: 1.100430386246444
INFO:root:Executing experiment 7 of policy UCB1SC ...
INFO:root:TIME TO PERFORM EXPERIMENT7OF UCB1SC POLICY: 3.4146674115690985
INFO:root:Executing experiment 8 of policy UCB1 ...
INFO:root:TIME TO PERFORM EXPERIMENT8OF UCB1 POLICY: 1.1182738017960219
INFO:root:Executing experiment 8 of policy UCB1SC ...
INFO:root:TIME TO PERFORM EXPERIMENT8OF UCB1SC POLICY: 3.425183101961011
INFO:root:Executing experiment 9 of policy UCB1 ...
INFO:root:TIME TO PERFORM EXPERIMENT9OF UCB1 POLICY: 1.1139703040062159
INFO:root:Executing experiment 9 of policy UCB1SC ...
INFO:root:TIME TO PERFORM EXPERIMENT9OF UCB1SC POLICY: 3.4391088430129457
INFO:root:Executing experiment 10 of policy UCB1 ...
INFO:root:TIME TO PERFORM EXPERIMENT10OF UCB1 POLICY: 1.1578925296125817
INFO:root:Executing experiment 10 of policy UCB1SC ...
INFO:root:TIME TO PERFORM EXPERIMENT10OF UCB1SC POLICY: 3.446831143599411
INFO:root:Executing experiment 11 of policy UCB1 ...
INFO:root:TIME TO PERFORM EXPERIMENT11OF UCB1 POLICY: 1.110385210642562
INFO:root:Executing experiment 11 of policy UCB1SC ...
INFO:root:TIME TO PERFORM EXPERIMENT11OF UCB1SC POLICY: 3.441047805619746
INFO:root:Executing experiment 12 of policy UCB1 ...
INFO:root:TIME TO PERFORM EXPERIMENT12OF UCB1 POLICY: 1.1536637896460888
INFO:root:Executing experiment 12 of policy UCB1SC ...
INFO:root:TIME TO PERFORM EXPERIMENT12OF UCB1SC POLICY: 3.489016799721867
INFO:root:Executing experiment 13 of policy UCB1 ...
INFO:root:TIME TO PERFORM EXPERIMENT13OF UCB1 POLICY: 1.126967954056454
INFO:root:Executing experiment 13 of policy UCB1SC ...
INFO:root:TIME TO PERFORM EXPERIMENT13OF UCB1SC POLICY: 3.4231701108728885
INFO:root:Executing experiment 14 of policy UCB1 ...
INFO:root:TIME TO PERFORM EXPERIMENT14OF UCB1 POLICY: 1.1061601173969393
INFO:root:Executing experiment 14 of policy UCB1SC ...
INFO:root:TIME TO PERFORM EXPERIMENT14OF UCB1SC POLICY: 3.5446289605206402
INFO:root:Executing experiment 15 of policy UCB1 ...
INFO:root:TIME TO PERFORM EXPERIMENT15OF UCB1 POLICY: 1.1187686621015018
INFO:root:Executing experiment 15 of policy UCB1SC ...
INFO:root:TIME TO PERFORM EXPERIMENT15OF UCB1SC POLICY: 3.4563611247649533
INFO:root:Executing experiment 16 of policy UCB1 ...
INFO:root:TIME TO PERFORM EXPERIMENT16OF UCB1 POLICY: 1.1530263424683653
INFO:root:Executing experiment 16 of policy UCB1SC ...
INFO:root:TIME TO PERFORM EXPERIMENT16OF UCB1SC POLICY: 3.4592726683949877
INFO:root:Executing experiment 17 of policy UCB1 ...
INFO:root:TIME TO PERFORM EXPERIMENT17OF UCB1 POLICY: 1.1046481860466884
INFO:root:Executing experiment 17 of policy UCB1SC ...
INFO:root:TIME TO PERFORM EXPERIMENT17OF UCB1SC POLICY: 3.499770621125208
INFO:root:Executing experiment 18 of policy UCB1 ...
INFO:root:TIME TO PERFORM EXPERIMENT18OF UCB1 POLICY: 1.1840034308370377
INFO:root:Executing experiment 18 of policy UCB1SC ...
INFO:root:TIME TO PERFORM EXPERIMENT18OF UCB1SC POLICY: 3.460727346191561
INFO:root:Executing experiment 19 of policy UCB1 ...
INFO:root:TIME TO PERFORM EXPERIMENT19OF UCB1 POLICY: 1.1532586387220363
INFO:root:Executing experiment 19 of policy UCB1SC ...
INFO:root:TIME TO PERFORM EXPERIMENT19OF UCB1SC POLICY: 3.480773747094645
INFO:root:TIME TO PERFORM EXPERIMENTS OF MUUSCONFIGURATION: 146.0796426065608
INFO:root:
 Computing and plotting regrets of configuration: MUUS with N=131072;  num_rep=20sample_rate=128 ...
INFO:root:TIME TO COMPUTE AND PLOT REGRET OF MUUSCONFIGURATION: 5.962040531136154
